0 info it worked if it ends with ok
1 verbose cli [ 'C:\\Program Files\\nodejs\\node.exe',
1 verbose cli   'C:\\Program Files\\nodejs\\node_modules\\npm\\bin\\npm-cli.js',
1 verbose cli   'run',
1 verbose cli   'test:ava' ]
2 info using npm@3.10.10
3 info using node@v6.10.0
4 verbose run-script [ 'pretest:ava', 'test:ava', 'posttest:ava' ]
5 info lifecycle LegendsRising@0.5.0~pretest:ava: LegendsRising@0.5.0
6 silly lifecycle LegendsRising@0.5.0~pretest:ava: no script for pretest:ava, continuing
7 info lifecycle LegendsRising@0.5.0~test:ava: LegendsRising@0.5.0
8 verbose lifecycle LegendsRising@0.5.0~test:ava: unsafe-perm in lifecycle true
9 verbose lifecycle LegendsRising@0.5.0~test:ava: PATH: C:\Program Files\nodejs\node_modules\npm\bin\node-gyp-bin;C:\Users\marc\Projects\legendsrising\node_modules\.bin;C:\ProgramData\Oracle\Java\javapath;C:\WINDOWS\system32;C:\WINDOWS;C:\WINDOWS\System32\Wbem;C:\WINDOWS\System32\WindowsPowerShell\v1.0\;C:\Program Files\Git\cmd;C:\Program Files\Git\mingw64\bin;C:\Program Files\Git\usr\bin;C:\Program Files\apache-maven-3.3.9\bin;C:\Program Files (x86)\Skype\Phone\;C:\Program Files\nodejs\;C:\ProgramData\chocolatey\bin;C:\Users\marc\AppData\Local\Microsoft\WindowsApps;C:\Users\marc\AppData\Roaming\npm
10 verbose lifecycle LegendsRising@0.5.0~test:ava: CWD: C:\Users\marc\Projects\legendsrising
11 silly lifecycle LegendsRising@0.5.0~test:ava: Args: [ '/d /s /c', 'ava' ]
12 silly lifecycle LegendsRising@0.5.0~test:ava: Returned: code: 1  signal: null
13 info lifecycle LegendsRising@0.5.0~test:ava: Failed to exec test:ava script
14 verbose stack Error: LegendsRising@0.5.0 test:ava: `ava`
14 verbose stack Exit status 1
14 verbose stack     at EventEmitter.<anonymous> (C:\Program Files\nodejs\node_modules\npm\lib\utils\lifecycle.js:255:16)
14 verbose stack     at emitTwo (events.js:106:13)
14 verbose stack     at EventEmitter.emit (events.js:191:7)
14 verbose stack     at ChildProcess.<anonymous> (C:\Program Files\nodejs\node_modules\npm\lib\utils\spawn.js:40:14)
14 verbose stack     at emitTwo (events.js:106:13)
14 verbose stack     at ChildProcess.emit (events.js:191:7)
14 verbose stack     at maybeClose (internal/child_process.js:877:16)
14 verbose stack     at Process.ChildProcess._handle.onexit (internal/child_process.js:226:5)
15 verbose pkgid LegendsRising@0.5.0
16 verbose cwd C:\Users\marc\Projects\legendsrising
17 error Windows_NT 10.0.14393
18 error argv "C:\\Program Files\\nodejs\\node.exe" "C:\\Program Files\\nodejs\\node_modules\\npm\\bin\\npm-cli.js" "run" "test:ava"
19 error node v6.10.0
20 error npm  v3.10.10
21 error code ELIFECYCLE
22 error LegendsRising@0.5.0 test:ava: `ava`
22 error Exit status 1
23 error Failed at the LegendsRising@0.5.0 test:ava script 'ava'.
23 error Make sure you have the latest version of node.js and npm installed.
23 error If you do, this is most likely a problem with the LegendsRising package,
23 error not with npm itself.
23 error Tell the author that this fails on your system:
23 error     ava
23 error You can get information on how to open an issue for this project with:
23 error     npm bugs LegendsRising
23 error Or if that isn't available, you can get their info via:
23 error     npm owner ls LegendsRising
23 error There is likely additional logging output above.
24 verbose exit [ 1, true ]
